<?xml version="1.0" encoding="UTF-8"?>
<!-- Generated by org.testng.reporters.JUnitReportReporter -->
<testsuite skipped="0" hostname="LAPTOP-HQRJ6UCC" name="Test.log" tests="1" failures="0" timestamp="04 Feb 2021 08:14:29 GMT" time="0.035" errors="0">
  <testcase name="function" time="0.035" classname="Test.log"/>
</testsuite> <!-- Test.log -->
