<?xml version="1.0" encoding="UTF-8"?>
<!-- Generated by org.testng.reporters.JUnitReportReporter -->
<testsuite skipped="0" hostname="LAPTOP-HQRJ6UCC" name="Test.Annotation5" tests="1" failures="0" timestamp="10 Jan 2021 13:13:24 GMT" time="0.012" errors="0">
  <testcase name="testcase1" time="0.012" classname="Test.Annotation5"/>
</testsuite> <!-- Test.Annotation5 -->
