<?xml version="1.0" encoding="UTF-8"?>
<!-- Generated by org.testng.reporters.JUnitReportReporter -->
<testsuite skipped="0" hostname="LAPTOP-HQRJ6UCC" name="Test.VerifyTitle" tests="4" failures="0" timestamp="17 Jan 2021 13:22:10 GMT" time="97.239" errors="0">
  <testcase name="verifypagetitle" time="25.626" classname="Test.VerifyTitle"/>
  <testcase name="verifypagetitle" time="24.338" classname="Test.VerifyTitle"/>
  <testcase name="verifybrowseropen" time="22.808" classname="Test.VerifyTitle"/>
  <testcase name="verifybrowseropen" time="24.467" classname="Test.VerifyTitle"/>
</testsuite> <!-- Test.VerifyTitle -->
